[debug] [2022-05-22T17:35:38.754Z] ----------------------------------------------------------------------
[debug] [2022-05-22T17:35:38.758Z] Command:       C:\Program Files\nodejs\node.exe C:\Users\Mannan Hira\AppData\Roaming\npm\node_modules\firebase-tools\lib\bin\firebase.js deploy
[debug] [2022-05-22T17:35:38.758Z] CLI Version:   10.6.0
[debug] [2022-05-22T17:35:38.759Z] Platform:      win32
[debug] [2022-05-22T17:35:38.759Z] Node Version:  v16.13.1
[debug] [2022-05-22T17:35:38.764Z] Time:          Sun May 22 2022 23:35:38 GMT+0600 (Bangladesh Standard Time)
[debug] [2022-05-22T17:35:38.765Z] ----------------------------------------------------------------------
[debug] 
[debug] [2022-05-22T17:35:38.770Z] >>> [apiv2][query] GET https://firebase-public.firebaseio.com/cli.json [none]
[debug] [2022-05-22T17:35:38.927Z] > command requires scopes: ["email","openid","https://www.googleapis.com/auth/cloudplatformprojects.readonly","https://www.googleapis.com/auth/firebase","https://www.googleapis.com/auth/cloud-platform"]
[debug] [2022-05-22T17:35:38.927Z] > authorizing via signed-in user (hiramannan8@gmail.com)
[debug] [2022-05-22T17:35:38.928Z] [iam] checking project warehouse-management-2244e for permissions ["firebase.projects.get","firebasehosting.sites.update"]
[debug] [2022-05-22T17:35:38.930Z] > refreshing access token with scopes: []
[debug] [2022-05-22T17:35:38.931Z] >>> HTTP REQUEST POST https://www.googleapis.com/oauth2/v3/token  
 <request body omitted>
[debug] [2022-05-22T17:35:41.352Z] <<< [apiv2][status] GET https://firebase-public.firebaseio.com/cli.json 200
[debug] [2022-05-22T17:35:41.353Z] <<< [apiv2][body] GET https://firebase-public.firebaseio.com/cli.json {"cloudBuildErrorAfter":1594252800000,"cloudBuildWarnAfter":1590019200000,"defaultNode10After":1594252800000,"minVersion":"3.0.5","node8DeploysDisabledAfter":1613390400000,"node8RuntimeDisabledAfter":1615809600000,"node8WarnAfter":1600128000000}
[debug] [2022-05-22T17:35:44.029Z] <<< HTTP RESPONSE 200 {"date":"Sun, 22 May 2022 17:35:44 GMT","expires":"Mon, 01 Jan 1990 00:00:00 GMT","cache-control":"no-cache, no-store, max-age=0, must-revalidate","pragma":"no-cache","content-type":"application/json; charset=utf-8","vary":"X-Origin, Referer, Origin,Accept-Encoding","server":"scaffolding on HTTPServer2","x-xss-protection":"0","x-frame-options":"SAMEORIGIN","x-content-type-options":"nosniff","alt-svc":"h3=\":443\"; ma=2592000,h3-29=\":443\"; ma=2592000,h3-Q050=\":443\"; ma=2592000,h3-Q046=\":443\"; ma=2592000,h3-Q043=\":443\"; ma=2592000,quic=\":443\"; ma=2592000; v=\"46,43\"","accept-ranges":"none","transfer-encoding":"chunked"}
[debug] [2022-05-22T17:35:44.039Z] >>> [apiv2][query] POST https://cloudresourcemanager.googleapis.com/v1/projects/warehouse-management-2244e:testIamPermissions [none]
[debug] [2022-05-22T17:35:44.040Z] >>> [apiv2][body] POST https://cloudresourcemanager.googleapis.com/v1/projects/warehouse-management-2244e:testIamPermissions {"permissions":["firebase.projects.get","firebasehosting.sites.update"]}
[debug] [2022-05-22T17:35:47.266Z] <<< [apiv2][status] POST https://cloudresourcemanager.googleapis.com/v1/projects/warehouse-management-2244e:testIamPermissions 200
[debug] [2022-05-22T17:35:47.267Z] <<< [apiv2][body] POST https://cloudresourcemanager.googleapis.com/v1/projects/warehouse-management-2244e:testIamPermissions {"permissions":["firebase.projects.get","firebasehosting.sites.update"]}
[debug] [2022-05-22T17:35:47.268Z] >>> [apiv2][query] GET https://firebase.googleapis.com/v1beta1/projects/warehouse-management-2244e [none]
[debug] [2022-05-22T17:35:48.624Z] <<< [apiv2][status] GET https://firebase.googleapis.com/v1beta1/projects/warehouse-management-2244e 200
[debug] [2022-05-22T17:35:48.625Z] <<< [apiv2][body] GET https://firebase.googleapis.com/v1beta1/projects/warehouse-management-2244e {"projectId":"warehouse-management-2244e","projectNumber":"136310447134","displayName":"warehouse-management","name":"projects/warehouse-management-2244e","resources":{"hostingSite":"warehouse-management-2244e"},"state":"ACTIVE"}
[info] 
[info] === Deploying to 'warehouse-management-2244e'...
[info] 
[info] i  deploying hosting 
[debug] [2022-05-22T17:35:48.632Z] >>> [apiv2][query] GET https://firebase.googleapis.com/v1beta1/projects/warehouse-management-2244e [none]
[debug] [2022-05-22T17:35:50.033Z] <<< [apiv2][status] GET https://firebase.googleapis.com/v1beta1/projects/warehouse-management-2244e 200
[debug] [2022-05-22T17:35:50.033Z] <<< [apiv2][body] GET https://firebase.googleapis.com/v1beta1/projects/warehouse-management-2244e {"projectId":"warehouse-management-2244e","projectNumber":"136310447134","displayName":"warehouse-management","name":"projects/warehouse-management-2244e","resources":{"hostingSite":"warehouse-management-2244e"},"state":"ACTIVE"}
[debug] [2022-05-22T17:35:50.036Z] >>> [apiv2][query] POST https://firebasehosting.googleapis.com/v1beta1/projects/136310447134/sites/warehouse-management-2244e/versions [none]
[debug] [2022-05-22T17:35:50.036Z] >>> [apiv2][body] POST https://firebasehosting.googleapis.com/v1beta1/projects/136310447134/sites/warehouse-management-2244e/versions {"config":{"rewrites":[{"glob":"**","path":"/index.html"}]},"labels":{"deployment-tool":"cli-firebase"}}
[debug] [2022-05-22T17:35:52.605Z] <<< [apiv2][status] POST https://firebasehosting.googleapis.com/v1beta1/projects/136310447134/sites/warehouse-management-2244e/versions 200
[debug] [2022-05-22T17:35:52.605Z] <<< [apiv2][body] POST https://firebasehosting.googleapis.com/v1beta1/projects/136310447134/sites/warehouse-management-2244e/versions {"name":"projects/136310447134/sites/warehouse-management-2244e/versions/bd058f9567f87177","status":"CREATED","config":{"rewrites":[{"glob":"**","path":"/index.html"}]},"labels":{"deployment-tool":"cli-firebase"}}
[info] i  hosting[warehouse-management-2244e]: beginning deploy... 
[info] i  hosting[warehouse-management-2244e]: found 19 files in build 
[debug] [2022-05-22T17:35:52.626Z] [hosting] uploading with 200 concurrency
[debug] [2022-05-22T17:35:53.009Z] [hosting] hash cache [YnVpbGQ] stored for 19 files
[debug] [2022-05-22T17:35:53.010Z] [hosting][hash queue][FINAL] {"max":371,"min":6,"avg":55.68421052631579,"active":0,"complete":19,"success":19,"errored":0,"retried":0,"total":19,"elapsed":381}
[debug] [2022-05-22T17:35:53.010Z] >>> [apiv2][query] POST https://firebasehosting.googleapis.com/v1beta1/projects/136310447134/sites/warehouse-management-2244e/versions/bd058f9567f87177:populateFiles [none]
[debug] [2022-05-22T17:35:53.010Z] >>> [apiv2][body] POST https://firebasehosting.googleapis.com/v1beta1/projects/136310447134/sites/warehouse-management-2244e/versions/bd058f9567f87177:populateFiles {"files":{"/favicon.ico":"eae62e993eb980ec8a25058c39d5a51feab118bd2100c4deebb2a9c158ec11f9","/logo192.png":"3ee59515172ee198f3be375979df15ac5345183e656720a381b8872b2a39dc8b","/logo512.png":"ee7e2f3fdb8209c4b6fd7bef6ba50d1b9dba30a25bb5c3126df057e1cb6f5331","/manifest.json":"aff3449bdc238776f5d6d967f19ec491b36aed5fb7f23ccff6500736fd58494a","/robots.txt":"bfe106a3fb878dc83461c86818bf74fc1bdc7f28538ba613cd3e775516ce8b49","/services.json":"4b16eaef1e11431978e08edd5a9a06bdd533a208614a223fc7f84b6c405ccc4d","/asset-manifest.json":"c36c67a0204733fee6ba155fe2bed1607cb5f2da5829d66e7def5a6d6a96c36c","/index.html":"2ffb8d0e6270bd8963de1c8c79351bd0624d1ee28494e49b7a0c14c3d59554fb","/static/css/main.1f1b399a.css":"585f1475c6677286eaf09b6bdfd0d4eb3cb800dec5c9c5b04618023229d66672","/static/js/787.4d0b185c.chunk.js":"3b0b03b7a7ef6cb8752234812e6dc094826db9e7a720d3728559d5fc1a1a51c6","/static/js/main.5dd4b664.js.LICENSE.txt":"980850d0c97fc4da1718320dcc140b4bafb239b14275f3a5d9640098e064ab8a","/static/js/787.4d0b185c.chunk.js.map":"892ee3968d2934e9520ba63fdd83e710621e1262a50d580f0450a7de5c887fd2","/static/css/main.1f1b399a.css.map":"3c8614b6b987b7b813806379a8812d107ad71672d17af9411e8900637ebeff6d","/static/media/google.b31361249fb7518952ee.png":"461fb12295d126cbd3eb6961d7b8dae4ebc74190e69bc242b0c5a789efc13f36","/static/js/main.5dd4b664.js":"933e076c8db37e43a19e7faa3b9f31ac7068f348de892c7d701265b0c8b176ec","/static/media/slider1.8b0d18ee933ea5f7d3eb.png":"2d017c88bec96618bf53a5ecd66c60c55c2f667a970a128f0a2975485644ade8","/static/media/slider2.67514e7c2484624cb569.png":"667aa053bbb11396e776f286d7790f72a7127f5459c1def9b4e18d7f9d62d7d0","/static/media/slider3.d401f2f5bff5fdd47ab3.png":"e1b2670002eb526ef074d8c0cbd5454904130454e2e5a5463cd64b5da40bd485","/static/js/main.5dd4b664.js.map":"7205e91faf1d8d4c5af0a31903411b30916453221c12b54b47cf2321222c631b"}}
[debug] [2022-05-22T17:35:55.550Z] <<< [apiv2][status] POST https://firebasehosting.googleapis.com/v1beta1/projects/136310447134/sites/warehouse-management-2244e/versions/bd058f9567f87177:populateFiles 200
[debug] [2022-05-22T17:35:55.550Z] <<< [apiv2][body] POST https://firebasehosting.googleapis.com/v1beta1/projects/136310447134/sites/warehouse-management-2244e/versions/bd058f9567f87177:populateFiles {"uploadRequiredHashes":["585f1475c6677286eaf09b6bdfd0d4eb3cb800dec5c9c5b04618023229d66672","2ffb8d0e6270bd8963de1c8c79351bd0624d1ee28494e49b7a0c14c3d59554fb","3c8614b6b987b7b813806379a8812d107ad71672d17af9411e8900637ebeff6d","7205e91faf1d8d4c5af0a31903411b30916453221c12b54b47cf2321222c631b","933e076c8db37e43a19e7faa3b9f31ac7068f348de892c7d701265b0c8b176ec","c36c67a0204733fee6ba155fe2bed1607cb5f2da5829d66e7def5a6d6a96c36c"],"uploadUrl":"https://upload-firebasehosting.googleapis.com/upload/sites/warehouse-management-2244e/versions/bd058f9567f87177/files"}
[debug] [2022-05-22T17:35:55.553Z] >>> [apiv2][query] POST https://upload-firebasehosting.googleapis.com/upload/sites/warehouse-management-2244e/versions/bd058f9567f87177/files/585f1475c6677286eaf09b6bdfd0d4eb3cb800dec5c9c5b04618023229d66672 [none]
[debug] [2022-05-22T17:35:55.553Z] >>> [apiv2][body] POST https://upload-firebasehosting.googleapis.com/upload/sites/warehouse-management-2244e/versions/bd058f9567f87177/files/585f1475c6677286eaf09b6bdfd0d4eb3cb800dec5c9c5b04618023229d66672 [stream]
[debug] [2022-05-22T17:35:55.555Z] >>> [apiv2][query] POST https://upload-firebasehosting.googleapis.com/upload/sites/warehouse-management-2244e/versions/bd058f9567f87177/files/2ffb8d0e6270bd8963de1c8c79351bd0624d1ee28494e49b7a0c14c3d59554fb [none]
[debug] [2022-05-22T17:35:55.555Z] >>> [apiv2][body] POST https://upload-firebasehosting.googleapis.com/upload/sites/warehouse-management-2244e/versions/bd058f9567f87177/files/2ffb8d0e6270bd8963de1c8c79351bd0624d1ee28494e49b7a0c14c3d59554fb [stream]
[debug] [2022-05-22T17:35:55.557Z] >>> [apiv2][query] POST https://upload-firebasehosting.googleapis.com/upload/sites/warehouse-management-2244e/versions/bd058f9567f87177/files/3c8614b6b987b7b813806379a8812d107ad71672d17af9411e8900637ebeff6d [none]
[debug] [2022-05-22T17:35:55.557Z] >>> [apiv2][body] POST https://upload-firebasehosting.googleapis.com/upload/sites/warehouse-management-2244e/versions/bd058f9567f87177/files/3c8614b6b987b7b813806379a8812d107ad71672d17af9411e8900637ebeff6d [stream]
[debug] [2022-05-22T17:35:55.559Z] >>> [apiv2][query] POST https://upload-firebasehosting.googleapis.com/upload/sites/warehouse-management-2244e/versions/bd058f9567f87177/files/7205e91faf1d8d4c5af0a31903411b30916453221c12b54b47cf2321222c631b [none]
[debug] [2022-05-22T17:35:55.559Z] >>> [apiv2][body] POST https://upload-firebasehosting.googleapis.com/upload/sites/warehouse-management-2244e/versions/bd058f9567f87177/files/7205e91faf1d8d4c5af0a31903411b30916453221c12b54b47cf2321222c631b [stream]
[debug] [2022-05-22T17:35:55.560Z] >>> [apiv2][query] POST https://upload-firebasehosting.googleapis.com/upload/sites/warehouse-management-2244e/versions/bd058f9567f87177/files/933e076c8db37e43a19e7faa3b9f31ac7068f348de892c7d701265b0c8b176ec [none]
[debug] [2022-05-22T17:35:55.561Z] >>> [apiv2][body] POST https://upload-firebasehosting.googleapis.com/upload/sites/warehouse-management-2244e/versions/bd058f9567f87177/files/933e076c8db37e43a19e7faa3b9f31ac7068f348de892c7d701265b0c8b176ec [stream]
[debug] [2022-05-22T17:35:55.562Z] >>> [apiv2][query] POST https://upload-firebasehosting.googleapis.com/upload/sites/warehouse-management-2244e/versions/bd058f9567f87177/files/c36c67a0204733fee6ba155fe2bed1607cb5f2da5829d66e7def5a6d6a96c36c [none]
[debug] [2022-05-22T17:35:55.562Z] >>> [apiv2][body] POST https://upload-firebasehosting.googleapis.com/upload/sites/warehouse-management-2244e/versions/bd058f9567f87177/files/c36c67a0204733fee6ba155fe2bed1607cb5f2da5829d66e7def5a6d6a96c36c [stream]
[debug] [2022-05-22T17:35:55.564Z] [hosting][populate queue][FINAL] {"max":2545,"min":2545,"avg":2545,"active":0,"complete":1,"success":1,"errored":0,"retried":0,"total":1,"elapsed":2557}
[debug] [2022-05-22T17:35:55.564Z] [hosting] uploads queued: 6
[debug] [2022-05-22T17:36:05.692Z] <<< [apiv2][status] POST https://upload-firebasehosting.googleapis.com/upload/sites/warehouse-management-2244e/versions/bd058f9567f87177/files/2ffb8d0e6270bd8963de1c8c79351bd0624d1ee28494e49b7a0c14c3d59554fb 200
[debug] [2022-05-22T17:36:05.692Z] <<< [apiv2][body] POST https://upload-firebasehosting.googleapis.com/upload/sites/warehouse-management-2244e/versions/bd058f9567f87177/files/2ffb8d0e6270bd8963de1c8c79351bd0624d1ee28494e49b7a0c14c3d59554fb [stream]
[debug] [2022-05-22T17:36:07.418Z] <<< [apiv2][status] POST https://upload-firebasehosting.googleapis.com/upload/sites/warehouse-management-2244e/versions/bd058f9567f87177/files/585f1475c6677286eaf09b6bdfd0d4eb3cb800dec5c9c5b04618023229d66672 200
[debug] [2022-05-22T17:36:07.418Z] <<< [apiv2][body] POST https://upload-firebasehosting.googleapis.com/upload/sites/warehouse-management-2244e/versions/bd058f9567f87177/files/585f1475c6677286eaf09b6bdfd0d4eb3cb800dec5c9c5b04618023229d66672 [stream]
[debug] [2022-05-22T17:36:09.724Z] <<< [apiv2][status] POST https://upload-firebasehosting.googleapis.com/upload/sites/warehouse-management-2244e/versions/bd058f9567f87177/files/3c8614b6b987b7b813806379a8812d107ad71672d17af9411e8900637ebeff6d 200
[debug] [2022-05-22T17:36:09.724Z] <<< [apiv2][body] POST https://upload-firebasehosting.googleapis.com/upload/sites/warehouse-management-2244e/versions/bd058f9567f87177/files/3c8614b6b987b7b813806379a8812d107ad71672d17af9411e8900637ebeff6d [stream]
[debug] [2022-05-22T17:36:12.436Z] <<< [apiv2][status] POST https://upload-firebasehosting.googleapis.com/upload/sites/warehouse-management-2244e/versions/bd058f9567f87177/files/c36c67a0204733fee6ba155fe2bed1607cb5f2da5829d66e7def5a6d6a96c36c 200
[debug] [2022-05-22T17:36:12.436Z] <<< [apiv2][body] POST https://upload-firebasehosting.googleapis.com/upload/sites/warehouse-management-2244e/versions/bd058f9567f87177/files/c36c67a0204733fee6ba155fe2bed1607cb5f2da5829d66e7def5a6d6a96c36c [stream]
[debug] [2022-05-22T17:36:25.955Z] [uploadQueue] Retrying task 933e076c8db37e43a19e7faa3b9f31ac7068f348de892c7d701265b0c8b176ec
[debug] [2022-05-22T17:36:25.955Z] >>> [apiv2][query] POST https://upload-firebasehosting.googleapis.com/upload/sites/warehouse-management-2244e/versions/bd058f9567f87177/files/933e076c8db37e43a19e7faa3b9f31ac7068f348de892c7d701265b0c8b176ec [none]
[debug] [2022-05-22T17:36:25.956Z] >>> [apiv2][body] POST https://upload-firebasehosting.googleapis.com/upload/sites/warehouse-management-2244e/versions/bd058f9567f87177/files/933e076c8db37e43a19e7faa3b9f31ac7068f348de892c7d701265b0c8b176ec [stream]
[debug] [2022-05-22T17:36:29.272Z] [uploadQueue] Retrying task 7205e91faf1d8d4c5af0a31903411b30916453221c12b54b47cf2321222c631b
[debug] [2022-05-22T17:36:29.273Z] >>> [apiv2][query] POST https://upload-firebasehosting.googleapis.com/upload/sites/warehouse-management-2244e/versions/bd058f9567f87177/files/7205e91faf1d8d4c5af0a31903411b30916453221c12b54b47cf2321222c631b [none]
[debug] [2022-05-22T17:36:29.273Z] >>> [apiv2][body] POST https://upload-firebasehosting.googleapis.com/upload/sites/warehouse-management-2244e/versions/bd058f9567f87177/files/7205e91faf1d8d4c5af0a31903411b30916453221c12b54b47cf2321222c631b [stream]
[debug] [2022-05-22T17:36:37.461Z] [uploadQueue] Retrying task 933e076c8db37e43a19e7faa3b9f31ac7068f348de892c7d701265b0c8b176ec
[debug] [2022-05-22T17:36:37.461Z] >>> [apiv2][query] POST https://upload-firebasehosting.googleapis.com/upload/sites/warehouse-management-2244e/versions/bd058f9567f87177/files/933e076c8db37e43a19e7faa3b9f31ac7068f348de892c7d701265b0c8b176ec [none]
[debug] [2022-05-22T17:36:37.462Z] >>> [apiv2][body] POST https://upload-firebasehosting.googleapis.com/upload/sites/warehouse-management-2244e/versions/bd058f9567f87177/files/933e076c8db37e43a19e7faa3b9f31ac7068f348de892c7d701265b0c8b176ec [stream]
[debug] [2022-05-22T17:36:40.357Z] [uploadQueue] Retrying task 7205e91faf1d8d4c5af0a31903411b30916453221c12b54b47cf2321222c631b
[debug] [2022-05-22T17:36:40.358Z] >>> [apiv2][query] POST https://upload-firebasehosting.googleapis.com/upload/sites/warehouse-management-2244e/versions/bd058f9567f87177/files/7205e91faf1d8d4c5af0a31903411b30916453221c12b54b47cf2321222c631b [none]
[debug] [2022-05-22T17:36:40.358Z] >>> [apiv2][body] POST https://upload-firebasehosting.googleapis.com/upload/sites/warehouse-management-2244e/versions/bd058f9567f87177/files/7205e91faf1d8d4c5af0a31903411b30916453221c12b54b47cf2321222c631b [stream]
[debug] [2022-05-22T17:36:49.893Z] [uploadQueue] Retrying task 933e076c8db37e43a19e7faa3b9f31ac7068f348de892c7d701265b0c8b176ec
[debug] [2022-05-22T17:36:49.894Z] >>> [apiv2][query] POST https://upload-firebasehosting.googleapis.com/upload/sites/warehouse-management-2244e/versions/bd058f9567f87177/files/933e076c8db37e43a19e7faa3b9f31ac7068f348de892c7d701265b0c8b176ec [none]
[debug] [2022-05-22T17:36:49.894Z] >>> [apiv2][body] POST https://upload-firebasehosting.googleapis.com/upload/sites/warehouse-management-2244e/versions/bd058f9567f87177/files/933e076c8db37e43a19e7faa3b9f31ac7068f348de892c7d701265b0c8b176ec [stream]
[debug] [2022-05-22T17:36:53.531Z] [uploadQueue] Retrying task 7205e91faf1d8d4c5af0a31903411b30916453221c12b54b47cf2321222c631b
[debug] [2022-05-22T17:36:53.532Z] >>> [apiv2][query] POST https://upload-firebasehosting.googleapis.com/upload/sites/warehouse-management-2244e/versions/bd058f9567f87177/files/7205e91faf1d8d4c5af0a31903411b30916453221c12b54b47cf2321222c631b [none]
[debug] [2022-05-22T17:36:53.532Z] >>> [apiv2][body] POST https://upload-firebasehosting.googleapis.com/upload/sites/warehouse-management-2244e/versions/bd058f9567f87177/files/7205e91faf1d8d4c5af0a31903411b30916453221c12b54b47cf2321222c631b [stream]
[debug] [2022-05-22T17:37:23.097Z] [uploadQueue] Retrying task 933e076c8db37e43a19e7faa3b9f31ac7068f348de892c7d701265b0c8b176ec
[debug] [2022-05-22T17:37:23.097Z] >>> [apiv2][query] POST https://upload-firebasehosting.googleapis.com/upload/sites/warehouse-management-2244e/versions/bd058f9567f87177/files/933e076c8db37e43a19e7faa3b9f31ac7068f348de892c7d701265b0c8b176ec [none]
[debug] [2022-05-22T17:37:23.097Z] >>> [apiv2][body] POST https://upload-firebasehosting.googleapis.com/upload/sites/warehouse-management-2244e/versions/bd058f9567f87177/files/933e076c8db37e43a19e7faa3b9f31ac7068f348de892c7d701265b0c8b176ec [stream]
[debug] [2022-05-22T17:37:30.052Z] [uploadQueue] Retrying task 7205e91faf1d8d4c5af0a31903411b30916453221c12b54b47cf2321222c631b
[debug] [2022-05-22T17:37:30.053Z] >>> [apiv2][query] POST https://upload-firebasehosting.googleapis.com/upload/sites/warehouse-management-2244e/versions/bd058f9567f87177/files/7205e91faf1d8d4c5af0a31903411b30916453221c12b54b47cf2321222c631b [none]
[debug] [2022-05-22T17:37:30.053Z] >>> [apiv2][body] POST https://upload-firebasehosting.googleapis.com/upload/sites/warehouse-management-2244e/versions/bd058f9567f87177/files/7205e91faf1d8d4c5af0a31903411b30916453221c12b54b47cf2321222c631b [stream]
[debug] [2022-05-22T17:37:57.459Z] [uploadQueue] Retrying task 7205e91faf1d8d4c5af0a31903411b30916453221c12b54b47cf2321222c631b
[debug] [2022-05-22T17:37:57.460Z] >>> [apiv2][query] POST https://upload-firebasehosting.googleapis.com/upload/sites/warehouse-management-2244e/versions/bd058f9567f87177/files/7205e91faf1d8d4c5af0a31903411b30916453221c12b54b47cf2321222c631b [none]
[debug] [2022-05-22T17:37:57.460Z] >>> [apiv2][body] POST https://upload-firebasehosting.googleapis.com/upload/sites/warehouse-management-2244e/versions/bd058f9567f87177/files/7205e91faf1d8d4c5af0a31903411b30916453221c12b54b47cf2321222c631b [stream]
[debug] [2022-05-22T17:37:59.497Z] [uploadQueue] Retrying task 933e076c8db37e43a19e7faa3b9f31ac7068f348de892c7d701265b0c8b176ec
[debug] [2022-05-22T17:37:59.498Z] >>> [apiv2][query] POST https://upload-firebasehosting.googleapis.com/upload/sites/warehouse-management-2244e/versions/bd058f9567f87177/files/933e076c8db37e43a19e7faa3b9f31ac7068f348de892c7d701265b0c8b176ec [none]
[debug] [2022-05-22T17:37:59.498Z] >>> [apiv2][body] POST https://upload-firebasehosting.googleapis.com/upload/sites/warehouse-management-2244e/versions/bd058f9567f87177/files/933e076c8db37e43a19e7faa3b9f31ac7068f348de892c7d701265b0c8b176ec [stream]
[debug] [2022-05-22T17:38:08.563Z] <<< [apiv2][status] POST https://upload-firebasehosting.googleapis.com/upload/sites/warehouse-management-2244e/versions/bd058f9567f87177/files/933e076c8db37e43a19e7faa3b9f31ac7068f348de892c7d701265b0c8b176ec 200
[debug] [2022-05-22T17:38:08.563Z] <<< [apiv2][body] POST https://upload-firebasehosting.googleapis.com/upload/sites/warehouse-management-2244e/versions/bd058f9567f87177/files/933e076c8db37e43a19e7faa3b9f31ac7068f348de892c7d701265b0c8b176ec [stream]
[debug] [2022-05-22T17:38:12.554Z] <<< [apiv2][status] POST https://upload-firebasehosting.googleapis.com/upload/sites/warehouse-management-2244e/versions/bd058f9567f87177/files/7205e91faf1d8d4c5af0a31903411b30916453221c12b54b47cf2321222c631b 200
[debug] [2022-05-22T17:38:12.554Z] <<< [apiv2][body] POST https://upload-firebasehosting.googleapis.com/upload/sites/warehouse-management-2244e/versions/bd058f9567f87177/files/7205e91faf1d8d4c5af0a31903411b30916453221c12b54b47cf2321222c631b [stream]
[debug] [2022-05-22T17:38:12.554Z] [hosting][upload queue][FINAL] {"max":16884,"min":9066,"avg":12871.333333333334,"active":0,"complete":6,"success":6,"errored":0,"retried":10,"total":6,"elapsed":137004}
[info] +  hosting[warehouse-management-2244e]: file upload complete 
[debug] [2022-05-22T17:38:12.556Z] [hosting] deploy completed after 139950ms
[debug] [2022-05-22T17:38:12.560Z] [
  {
    "config": {
      "public": "build",
      "ignore": [
        "firebase.json",
        "**/.*",
        "**/node_modules/**"
      ],
      "rewrites": [
        {
          "source": "**",
          "destination": "/index.html"
        }
      ],
      "site": "warehouse-management-2244e"
    },
    "site": "warehouse-management-2244e",
    "version": "projects/136310447134/sites/warehouse-management-2244e/versions/bd058f9567f87177"
  }
]
[info] i  hosting[warehouse-management-2244e]: finalizing version... 
[debug] [2022-05-22T17:38:12.562Z] >>> [apiv2][query] PATCH https://firebasehosting.googleapis.com/v1beta1/projects/136310447134/sites/warehouse-management-2244e/versions/bd058f9567f87177 updateMask=status
[debug] [2022-05-22T17:38:12.563Z] >>> [apiv2][body] PATCH https://firebasehosting.googleapis.com/v1beta1/projects/136310447134/sites/warehouse-management-2244e/versions/bd058f9567f87177 {"status":"FINALIZED"}
[debug] [2022-05-22T17:38:14.746Z] <<< [apiv2][status] PATCH https://firebasehosting.googleapis.com/v1beta1/projects/136310447134/sites/warehouse-management-2244e/versions/bd058f9567f87177 200
[debug] [2022-05-22T17:38:14.746Z] <<< [apiv2][body] PATCH https://firebasehosting.googleapis.com/v1beta1/projects/136310447134/sites/warehouse-management-2244e/versions/bd058f9567f87177 {"name":"projects/136310447134/sites/warehouse-management-2244e/versions/bd058f9567f87177","status":"FINALIZED","config":{"rewrites":[{"glob":"**","path":"/index.html"}]},"labels":{"deployment-tool":"cli-firebase"},"createTime":"2022-05-22T17:35:52.503694Z","createUser":{"email":"hiramannan8@gmail.com"},"finalizeTime":"2022-05-22T17:38:14.880906Z","finalizeUser":{"email":"hiramannan8@gmail.com"}}
[debug] [2022-05-22T17:38:14.746Z] [hosting] finalized version for warehouse-management-2244e:[object Object]
[info] +  hosting[warehouse-management-2244e]: version finalized 
[info] i  hosting[warehouse-management-2244e]: releasing new version... 
[debug] [2022-05-22T17:38:14.750Z] >>> [apiv2][query] POST https://firebasehosting.googleapis.com/v1beta1/projects/136310447134/sites/warehouse-management-2244e/releases versionName=projects%2F136310447134%2Fsites%2Fwarehouse-management-2244e%2Fversions%2Fbd058f9567f87177
[debug] [2022-05-22T17:38:14.750Z] >>> [apiv2][body] POST https://firebasehosting.googleapis.com/v1beta1/projects/136310447134/sites/warehouse-management-2244e/releases {"message":null}
[debug] [2022-05-22T17:38:20.437Z] <<< [apiv2][status] POST https://firebasehosting.googleapis.com/v1beta1/projects/136310447134/sites/warehouse-management-2244e/releases 200
[debug] [2022-05-22T17:38:20.437Z] <<< [apiv2][body] POST https://firebasehosting.googleapis.com/v1beta1/projects/136310447134/sites/warehouse-management-2244e/releases {"name":"projects/136310447134/sites/warehouse-management-2244e/releases/1653241097348025","version":{"name":"projects/136310447134/sites/warehouse-management-2244e/versions/bd058f9567f87177","status":"FINALIZED","config":{"rewrites":[{"glob":"**","path":"/index.html"}]},"labels":{"deployment-tool":"cli-firebase"},"createTime":"2022-05-22T17:35:52.503694Z","createUser":{"email":"hiramannan8@gmail.com","imageUrl":"https://lh3.googleusercontent.com/a-/AOh14GhKiYX9UT6UrpEu_UMgvJDVjUEEs3DkGbL-b4myqA"},"finalizeTime":"2022-05-22T17:38:14.880906Z","finalizeUser":{"email":"hiramannan8@gmail.com","imageUrl":"https://lh3.googleusercontent.com/a-/AOh14GhKiYX9UT6UrpEu_UMgvJDVjUEEs3DkGbL-b4myqA"}},"type":"DEPLOY","releaseTime":"2022-05-22T17:38:17.348025868Z","releaseUser":{"email":"hiramannan8@gmail.com","imageUrl":"https://lh3.googleusercontent.com/a-/AOh14GhKiYX9UT6UrpEu_UMgvJDVjUEEs3DkGbL-b4myqA"}}
[debug] [2022-05-22T17:38:20.437Z] [hosting] release: {"name":"projects/136310447134/sites/warehouse-management-2244e/releases/1653241097348025","version":{"name":"projects/136310447134/sites/warehouse-management-2244e/versions/bd058f9567f87177","status":"FINALIZED","config":{"rewrites":[{"glob":"**","path":"/index.html"}]},"labels":{"deployment-tool":"cli-firebase"},"createTime":"2022-05-22T17:35:52.503694Z","createUser":{"email":"hiramannan8@gmail.com","imageUrl":"https://lh3.googleusercontent.com/a-/AOh14GhKiYX9UT6UrpEu_UMgvJDVjUEEs3DkGbL-b4myqA"},"finalizeTime":"2022-05-22T17:38:14.880906Z","finalizeUser":{"email":"hiramannan8@gmail.com","imageUrl":"https://lh3.googleusercontent.com/a-/AOh14GhKiYX9UT6UrpEu_UMgvJDVjUEEs3DkGbL-b4myqA"}},"type":"DEPLOY","releaseTime":"2022-05-22T17:38:17.348025868Z","releaseUser":{"email":"hiramannan8@gmail.com","imageUrl":"https://lh3.googleusercontent.com/a-/AOh14GhKiYX9UT6UrpEu_UMgvJDVjUEEs3DkGbL-b4myqA"}}
[info] +  hosting[warehouse-management-2244e]: release complete 
